{"/Users/ilkkamtk/Documents/gitProjects/wkp23/unit-testing/src/example.ts": {"path":"/Users/ilkkamtk/Documents/gitProjects/wkp23/unit-testing/src/example.ts","all":false,"statementMap":{"0":{"start":{"line":1,"column":0},"end":{"line":1,"column":13}},"1":{"start":{"line":2,"column":0},"end":{"line":2,"column":44}},"2":{"start":{"line":3,"column":0},"end":{"line":3,"column":15}},"3":{"start":{"line":4,"column":0},"end":{"line":4,"column":1}},"4":{"start":{"line":5,"column":0},"end":{"line":5,"column":0}},"5":{"start":{"line":6,"column":0},"end":{"line":6,"column":49}},"6":{"start":{"line":7,"column":0},"end":{"line":7,"column":15}},"7":{"start":{"line":8,"column":0},"end":{"line":8,"column":1}},"8":{"start":{"line":9,"column":0},"end":{"line":9,"column":0}},"9":{"start":{"line":10,"column":0},"end":{"line":10,"column":13}},"10":{"start":{"line":11,"column":0},"end":{"line":11,"column":47}},"11":{"start":{"line":12,"column":0},"end":{"line":12,"column":44}},"12":{"start":{"line":13,"column":0},"end":{"line":13,"column":1}},"13":{"start":{"line":14,"column":0},"end":{"line":14,"column":0}},"14":{"start":{"line":15,"column":0},"end":{"line":15,"column":47}},"15":{"start":{"line":16,"column":0},"end":{"line":16,"column":52}},"16":{"start":{"line":17,"column":0},"end":{"line":17,"column":52}},"17":{"start":{"line":18,"column":0},"end":{"line":18,"column":34}},"18":{"start":{"line":19,"column":0},"end":{"line":19,"column":1}},"19":{"start":{"line":20,"column":0},"end":{"line":20,"column":0}},"20":{"start":{"line":21,"column":0},"end":{"line":21,"column":54}}},"s":{"0":1,"1":1,"2":1,"3":1,"4":1,"5":1,"6":1,"7":1,"8":1,"9":1,"10":4,"11":4,"12":4,"13":1,"14":2,"15":2,"16":2,"17":2,"18":2,"19":1,"20":1},"branchMap":{"0":{"type":"branch","line":2,"loc":{"start":{"line":2,"column":0},"end":{"line":4,"column":1}},"locations":[{"start":{"line":2,"column":0},"end":{"line":4,"column":1}}]},"1":{"type":"branch","line":6,"loc":{"start":{"line":6,"column":0},"end":{"line":8,"column":1}},"locations":[{"start":{"line":6,"column":0},"end":{"line":8,"column":1}}]},"2":{"type":"branch","line":11,"loc":{"start":{"line":11,"column":0},"end":{"line":13,"column":1}},"locations":[{"start":{"line":11,"column":0},"end":{"line":13,"column":1}}]},"3":{"type":"branch","line":15,"loc":{"start":{"line":15,"column":0},"end":{"line":19,"column":1}},"locations":[{"start":{"line":15,"column":0},"end":{"line":19,"column":1}}]}},"b":{"0":[1],"1":[1],"2":[4],"3":[2]},"fnMap":{"0":{"name":"add","decl":{"start":{"line":2,"column":0},"end":{"line":4,"column":1}},"loc":{"start":{"line":2,"column":0},"end":{"line":4,"column":1}},"line":2},"1":{"name":"subtract","decl":{"start":{"line":6,"column":0},"end":{"line":8,"column":1}},"loc":{"start":{"line":6,"column":0},"end":{"line":8,"column":1}},"line":6},"2":{"name":"reverseString","decl":{"start":{"line":11,"column":0},"end":{"line":13,"column":1}},"loc":{"start":{"line":11,"column":0},"end":{"line":13,"column":1}},"line":11},"3":{"name":"isValidEmail","decl":{"start":{"line":15,"column":0},"end":{"line":19,"column":1}},"loc":{"start":{"line":15,"column":0},"end":{"line":19,"column":1}},"line":15}},"f":{"0":1,"1":1,"2":4,"3":2}}
}
